<?xml version="1.0" encoding="UTF-8"?>
<!-- Generated by org.testng.reporters.JUnitXMLReporter -->
<testsuite hostname="RubsLenovo" ignored="0" name="Different TestNG Feature test" tests="25" failures="1" timestamp="2021-04-06T00:57:37 CDT" time="85.518" errors="0">
  <testcase name="infiniteLoopTest" time="0.017" classname="selenium_sessions.ExceptionTimeoutTest">
    <failure type="org.testng.internal.thread.ThreadTimeoutException" message="Method selenium_sessions.ExceptionTimeoutTest.infiniteLoopTest() didn&amp;apos;t finish within the time-out 2">
      <![CDATA[org.testng.internal.thread.ThreadTimeoutException: Method selenium_sessions.ExceptionTimeoutTest.infiniteLoopTest() didn't finish within the time-out 2
at java.util.ArrayList.forEach(Unknown Source)
... Removed 24 stack frames]]>
    </failure>
  </testcase> <!-- infiniteLoopTest -->
  <testcase name="test1" time="0.008" classname="selenium_sessions.ExceptionTimeoutTest"/>
  <testcase name="googleTitleTest" time="0.291" classname="selenium_sessions.GoogleTest"/>
  <testcase name="googleLogoTest" time="0.208" classname="selenium_sessions.GoogleTest"/>
  <testcase name="gmailLinkTest" time="0.125" classname="selenium_sessions.GoogleTest"/>
  <testcase name="test1" time="0.002" classname="selenium_sessions.GoogleTest"/>
  <testcase name="test2" time="0.006" classname="selenium_sessions.GoogleTest"/>
  <testcase name="test3" time="0.002" classname="selenium_sessions.GoogleTest"/>
  <testcase name="loginTest" time="0.002" classname="selenium_sessions.TestNG_dependsOnMethods"/>
  <testcase name="homePageTest" time="0.001" classname="selenium_sessions.TestNG_dependsOnMethods"/>
  <testcase name="registrationPageTest" time="0.001" classname="selenium_sessions.TestNG_dependsOnMethods"/>
  <testcase name="searchPageTest" time="0.001" classname="selenium_sessions.TestNG_dependsOnMethods"/>
  <testcase name="sum" time="0.003" classname="selenium_sessions.TestNG_InvocationCountTest"/>
  <testcase name="sum" time="0.004" classname="selenium_sessions.TestNG_InvocationCountTest"/>
  <testcase name="sum" time="0.001" classname="selenium_sessions.TestNG_InvocationCountTest"/>
  <testcase name="sum" time="0.002" classname="selenium_sessions.TestNG_InvocationCountTest"/>
  <testcase name="sum" time="0.001" classname="selenium_sessions.TestNG_InvocationCountTest"/>
  <testcase name="sum" time="0.001" classname="selenium_sessions.TestNG_InvocationCountTest"/>
  <testcase name="sum" time="0.0" classname="selenium_sessions.TestNG_InvocationCountTest"/>
  <testcase name="sum" time="0.015" classname="selenium_sessions.TestNG_InvocationCountTest"/>
  <testcase name="sum" time="0.007" classname="selenium_sessions.TestNG_InvocationCountTest"/>
  <testcase name="sum" time="0.003" classname="selenium_sessions.TestNG_InvocationCountTest"/>
  <testcase name="googleLogoTest" time="0.004" classname="selenium_sessions.TestNG_tutorial1"/>
  <testcase name="googleTitleTest" time="0.002" classname="selenium_sessions.TestNG_tutorial1"/>
  <testcase name="searchTest" time="0.001" classname="selenium_sessions.TestNG_tutorial1"/>
</testsuite> <!-- Different TestNG Feature test -->
