<?xml version="1.0" encoding="UTF-8"?>
<testng-results skipped="0" failed="1" ignored="0" total="25" passed="24">
  <reporter-output>
  </reporter-output>
  <suite name="TestNG session test automation suite" duration-ms="85518" started-at="2021-04-06T00:56:12 CDT" finished-at="2021-04-06T00:57:37 CDT">
    <groups>
      <group name="Random">
        <method signature="GoogleTest.test1()[pri:4, instance:selenium_sessions.GoogleTest@467aecef]" name="test1" class="selenium_sessions.GoogleTest"/>
        <method signature="GoogleTest.test2()[pri:5, instance:selenium_sessions.GoogleTest@467aecef]" name="test2" class="selenium_sessions.GoogleTest"/>
        <method signature="GoogleTest.test3()[pri:6, instance:selenium_sessions.GoogleTest@467aecef]" name="test3" class="selenium_sessions.GoogleTest"/>
      </group> <!-- Random -->
      <group name="Title">
        <method signature="GoogleTest.googleTitleTest()[pri:1, instance:selenium_sessions.GoogleTest@467aecef]" name="googleTitleTest" class="selenium_sessions.GoogleTest"/>
      </group> <!-- Title -->
      <group name="Link">
        <method signature="GoogleTest.gmailLinkTest()[pri:3, instance:selenium_sessions.GoogleTest@467aecef]" name="gmailLinkTest" class="selenium_sessions.GoogleTest"/>
      </group> <!-- Link -->
      <group name="Logo">
        <method signature="GoogleTest.googleLogoTest()[pri:2, instance:selenium_sessions.GoogleTest@467aecef]" name="googleLogoTest" class="selenium_sessions.GoogleTest"/>
      </group> <!-- Logo -->
    </groups>
    <test name="Different TestNG Feature test" duration-ms="85518" started-at="2021-04-06T00:56:12 CDT" finished-at="2021-04-06T00:57:37 CDT">
      <class name="selenium_sessions.TestNG_dependsOnMethods">
        <test-method status="PASS" signature="loginTest()[pri:0, instance:selenium_sessions.TestNG_dependsOnMethods@4d50efb8]" name="loginTest" duration-ms="2" started-at="2021-04-06T00:57:37 CDT" finished-at="2021-04-06T00:57:37 CDT">
          <reporter-output>
          </reporter-output>
        </test-method> <!-- loginTest -->
        <test-method status="PASS" signature="homePageTest()[pri:0, instance:selenium_sessions.TestNG_dependsOnMethods@4d50efb8]" name="homePageTest" duration-ms="1" started-at="2021-04-06T00:57:37 CDT" depends-on-methods="selenium_sessions.TestNG_dependsOnMethods.loginTest" finished-at="2021-04-06T00:57:37 CDT">
          <reporter-output>
          </reporter-output>
        </test-method> <!-- homePageTest -->
        <test-method status="PASS" signature="registrationPageTest()[pri:0, instance:selenium_sessions.TestNG_dependsOnMethods@4d50efb8]" name="registrationPageTest" duration-ms="1" started-at="2021-04-06T00:57:37 CDT" depends-on-methods="selenium_sessions.TestNG_dependsOnMethods.loginTest" finished-at="2021-04-06T00:57:37 CDT">
          <reporter-output>
          </reporter-output>
        </test-method> <!-- registrationPageTest -->
        <test-method status="PASS" signature="searchPageTest()[pri:0, instance:selenium_sessions.TestNG_dependsOnMethods@4d50efb8]" name="searchPageTest" duration-ms="1" started-at="2021-04-06T00:57:37 CDT" depends-on-methods="selenium_sessions.TestNG_dependsOnMethods.loginTest" finished-at="2021-04-06T00:57:37 CDT">
          <reporter-output>
          </reporter-output>
        </test-method> <!-- searchPageTest -->
      </class> <!-- selenium_sessions.TestNG_dependsOnMethods -->
      <class name="selenium_sessions.GoogleTest">
        <test-method status="PASS" signature="setUp()[pri:0, instance:selenium_sessions.GoogleTest@467aecef]" name="setUp" is-config="true" duration-ms="15707" started-at="2021-04-06T00:56:12 CDT" finished-at="2021-04-06T00:56:27 CDT">
          <reporter-output>
          </reporter-output>
        </test-method> <!-- setUp -->
        <test-method status="PASS" signature="googleTitleTest()[pri:1, instance:selenium_sessions.GoogleTest@467aecef]" name="googleTitleTest" duration-ms="291" started-at="2021-04-06T00:56:27 CDT" finished-at="2021-04-06T00:56:28 CDT">
          <reporter-output>
          </reporter-output>
        </test-method> <!-- googleTitleTest -->
        <test-method status="PASS" signature="tearDown()[pri:0, instance:selenium_sessions.GoogleTest@467aecef]" name="tearDown" is-config="true" duration-ms="2871" started-at="2021-04-06T00:56:28 CDT" finished-at="2021-04-06T00:56:31 CDT">
          <reporter-output>
          </reporter-output>
        </test-method> <!-- tearDown -->
        <test-method status="PASS" signature="setUp()[pri:0, instance:selenium_sessions.GoogleTest@467aecef]" name="setUp" is-config="true" duration-ms="11472" started-at="2021-04-06T00:56:31 CDT" finished-at="2021-04-06T00:56:42 CDT">
          <reporter-output>
          </reporter-output>
        </test-method> <!-- setUp -->
        <test-method status="PASS" signature="googleLogoTest()[pri:2, instance:selenium_sessions.GoogleTest@467aecef]" name="googleLogoTest" duration-ms="208" started-at="2021-04-06T00:56:42 CDT" finished-at="2021-04-06T00:56:42 CDT">
          <reporter-output>
          </reporter-output>
        </test-method> <!-- googleLogoTest -->
        <test-method status="PASS" signature="tearDown()[pri:0, instance:selenium_sessions.GoogleTest@467aecef]" name="tearDown" is-config="true" duration-ms="2076" started-at="2021-04-06T00:56:42 CDT" finished-at="2021-04-06T00:56:44 CDT">
          <reporter-output>
          </reporter-output>
        </test-method> <!-- tearDown -->
        <test-method status="PASS" signature="setUp()[pri:0, instance:selenium_sessions.GoogleTest@467aecef]" name="setUp" is-config="true" duration-ms="10439" started-at="2021-04-06T00:56:44 CDT" finished-at="2021-04-06T00:56:55 CDT">
          <reporter-output>
          </reporter-output>
        </test-method> <!-- setUp -->
        <test-method status="PASS" signature="gmailLinkTest()[pri:3, instance:selenium_sessions.GoogleTest@467aecef]" name="gmailLinkTest" duration-ms="125" started-at="2021-04-06T00:56:55 CDT" finished-at="2021-04-06T00:56:55 CDT">
          <reporter-output>
          </reporter-output>
        </test-method> <!-- gmailLinkTest -->
        <test-method status="PASS" signature="tearDown()[pri:0, instance:selenium_sessions.GoogleTest@467aecef]" name="tearDown" is-config="true" duration-ms="2440" started-at="2021-04-06T00:56:55 CDT" finished-at="2021-04-06T00:56:57 CDT">
          <reporter-output>
          </reporter-output>
        </test-method> <!-- tearDown -->
        <test-method status="PASS" signature="setUp()[pri:0, instance:selenium_sessions.GoogleTest@467aecef]" name="setUp" is-config="true" duration-ms="10614" started-at="2021-04-06T00:56:57 CDT" finished-at="2021-04-06T00:57:08 CDT">
          <reporter-output>
          </reporter-output>
        </test-method> <!-- setUp -->
        <test-method status="PASS" signature="test1()[pri:4, instance:selenium_sessions.GoogleTest@467aecef]" name="test1" duration-ms="2" started-at="2021-04-06T00:57:08 CDT" finished-at="2021-04-06T00:57:08 CDT">
          <reporter-output>
          </reporter-output>
        </test-method> <!-- test1 -->
        <test-method status="PASS" signature="tearDown()[pri:0, instance:selenium_sessions.GoogleTest@467aecef]" name="tearDown" is-config="true" duration-ms="2322" started-at="2021-04-06T00:57:08 CDT" finished-at="2021-04-06T00:57:10 CDT">
          <reporter-output>
          </reporter-output>
        </test-method> <!-- tearDown -->
        <test-method status="PASS" signature="setUp()[pri:0, instance:selenium_sessions.GoogleTest@467aecef]" name="setUp" is-config="true" duration-ms="11087" started-at="2021-04-06T00:57:10 CDT" finished-at="2021-04-06T00:57:21 CDT">
          <reporter-output>
          </reporter-output>
        </test-method> <!-- setUp -->
        <test-method status="PASS" signature="test2()[pri:5, instance:selenium_sessions.GoogleTest@467aecef]" name="test2" duration-ms="6" started-at="2021-04-06T00:57:21 CDT" finished-at="2021-04-06T00:57:21 CDT">
          <reporter-output>
          </reporter-output>
        </test-method> <!-- test2 -->
        <test-method status="PASS" signature="tearDown()[pri:0, instance:selenium_sessions.GoogleTest@467aecef]" name="tearDown" is-config="true" duration-ms="2287" started-at="2021-04-06T00:57:21 CDT" finished-at="2021-04-06T00:57:24 CDT">
          <reporter-output>
          </reporter-output>
        </test-method> <!-- tearDown -->
        <test-method status="PASS" signature="setUp()[pri:0, instance:selenium_sessions.GoogleTest@467aecef]" name="setUp" is-config="true" duration-ms="10838" started-at="2021-04-06T00:57:24 CDT" finished-at="2021-04-06T00:57:35 CDT">
          <reporter-output>
          </reporter-output>
        </test-method> <!-- setUp -->
        <test-method status="PASS" signature="test3()[pri:6, instance:selenium_sessions.GoogleTest@467aecef]" name="test3" duration-ms="2" started-at="2021-04-06T00:57:35 CDT" finished-at="2021-04-06T00:57:35 CDT">
          <reporter-output>
          </reporter-output>
        </test-method> <!-- test3 -->
        <test-method status="PASS" signature="tearDown()[pri:0, instance:selenium_sessions.GoogleTest@467aecef]" name="tearDown" is-config="true" duration-ms="2484" started-at="2021-04-06T00:57:35 CDT" finished-at="2021-04-06T00:57:37 CDT">
          <reporter-output>
          </reporter-output>
        </test-method> <!-- tearDown -->
      </class> <!-- selenium_sessions.GoogleTest -->
      <class name="selenium_sessions.ExceptionTimeoutTest">
        <test-method status="FAIL" signature="infiniteLoopTest()[pri:0, instance:selenium_sessions.ExceptionTimeoutTest@3dfc5fb8]" name="infiniteLoopTest" duration-ms="17" started-at="2021-04-06T00:56:12 CDT" finished-at="2021-04-06T00:56:12 CDT">
          <exception class="org.testng.internal.thread.ThreadTimeoutException">
            <message>
              <![CDATA[Method selenium_sessions.ExceptionTimeoutTest.infiniteLoopTest() didn't finish within the time-out 2]]>
            </message>
            <full-stacktrace>
              <![CDATA[org.testng.internal.thread.ThreadTimeoutException: Method selenium_sessions.ExceptionTimeoutTest.infiniteLoopTest() didn't finish within the time-out 2
at org.testng.internal.MethodInvocationHelper.invokeWithTimeoutWithNewExecutor(MethodInvocationHelper.java:371)
at org.testng.internal.MethodInvocationHelper.invokeWithTimeout(MethodInvocationHelper.java:282)
at org.testng.internal.TestInvoker.invokeMethod(TestInvoker.java:605)
at org.testng.internal.TestInvoker.invokeTestMethod(TestInvoker.java:174)
at org.testng.internal.MethodRunner.runInSequence(MethodRunner.java:46)
at org.testng.internal.TestInvoker$MethodInvocationAgent.invoke(TestInvoker.java:822)
at org.testng.internal.TestInvoker.invokeTestMethods(TestInvoker.java:147)
at org.testng.internal.TestMethodWorker.invokeTestMethods(TestMethodWorker.java:146)
at org.testng.internal.TestMethodWorker.run(TestMethodWorker.java:128)
at java.util.ArrayList.forEach(Unknown Source)
at org.testng.TestRunner.privateRun(TestRunner.java:764)
at org.testng.TestRunner.run(TestRunner.java:585)
at org.testng.SuiteRunner.runTest(SuiteRunner.java:384)
at org.testng.SuiteRunner.runSequentially(SuiteRunner.java:378)
at org.testng.SuiteRunner.privateRun(SuiteRunner.java:337)
at org.testng.SuiteRunner.run(SuiteRunner.java:286)
at org.testng.SuiteRunnerWorker.runSuite(SuiteRunnerWorker.java:53)
at org.testng.SuiteRunnerWorker.run(SuiteRunnerWorker.java:96)
at org.testng.TestNG.runSuitesSequentially(TestNG.java:1218)
at org.testng.TestNG.runSuitesLocally(TestNG.java:1140)
at org.testng.TestNG.runSuites(TestNG.java:1069)
at org.testng.TestNG.run(TestNG.java:1037)
at org.testng.remote.AbstractRemoteTestNG.run(AbstractRemoteTestNG.java:115)
at org.testng.remote.RemoteTestNG.initAndRun(RemoteTestNG.java:251)
at org.testng.remote.RemoteTestNG.main(RemoteTestNG.java:77)
]]>
            </full-stacktrace>
          </exception> <!-- org.testng.internal.thread.ThreadTimeoutException -->
          <reporter-output>
          </reporter-output>
        </test-method> <!-- infiniteLoopTest -->
        <test-method status="PASS" signature="test1()[pri:0, instance:selenium_sessions.ExceptionTimeoutTest@3dfc5fb8]" name="test1" duration-ms="8" started-at="2021-04-06T00:56:12 CDT" finished-at="2021-04-06T00:56:12 CDT">
          <exception class="java.lang.NumberFormatException">
            <message>
              <![CDATA[For input string: "100A"]]>
            </message>
            <full-stacktrace>
              <![CDATA[java.lang.NumberFormatException: For input string: "100A"
at java.lang.NumberFormatException.forInputString(Unknown Source)
at java.lang.Integer.parseInt(Unknown Source)
at java.lang.Integer.parseInt(Unknown Source)
at selenium_sessions.ExceptionTimeoutTest.test1(ExceptionTimeoutTest.java:18)
at sun.reflect.NativeMethodAccessorImpl.invoke0(Native Method)
at sun.reflect.NativeMethodAccessorImpl.invoke(Unknown Source)
at sun.reflect.DelegatingMethodAccessorImpl.invoke(Unknown Source)
at java.lang.reflect.Method.invoke(Unknown Source)
at org.testng.internal.MethodInvocationHelper.invokeMethod(MethodInvocationHelper.java:132)
at org.testng.internal.TestInvoker.invokeMethod(TestInvoker.java:599)
at org.testng.internal.TestInvoker.invokeTestMethod(TestInvoker.java:174)
at org.testng.internal.MethodRunner.runInSequence(MethodRunner.java:46)
at org.testng.internal.TestInvoker$MethodInvocationAgent.invoke(TestInvoker.java:822)
at org.testng.internal.TestInvoker.invokeTestMethods(TestInvoker.java:147)
at org.testng.internal.TestMethodWorker.invokeTestMethods(TestMethodWorker.java:146)
at org.testng.internal.TestMethodWorker.run(TestMethodWorker.java:128)
at java.util.ArrayList.forEach(Unknown Source)
at org.testng.TestRunner.privateRun(TestRunner.java:764)
at org.testng.TestRunner.run(TestRunner.java:585)
at org.testng.SuiteRunner.runTest(SuiteRunner.java:384)
at org.testng.SuiteRunner.runSequentially(SuiteRunner.java:378)
at org.testng.SuiteRunner.privateRun(SuiteRunner.java:337)
at org.testng.SuiteRunner.run(SuiteRunner.java:286)
at org.testng.SuiteRunnerWorker.runSuite(SuiteRunnerWorker.java:53)
at org.testng.SuiteRunnerWorker.run(SuiteRunnerWorker.java:96)
at org.testng.TestNG.runSuitesSequentially(TestNG.java:1218)
at org.testng.TestNG.runSuitesLocally(TestNG.java:1140)
at org.testng.TestNG.runSuites(TestNG.java:1069)
at org.testng.TestNG.run(TestNG.java:1037)
at org.testng.remote.AbstractRemoteTestNG.run(AbstractRemoteTestNG.java:115)
at org.testng.remote.RemoteTestNG.initAndRun(RemoteTestNG.java:251)
at org.testng.remote.RemoteTestNG.main(RemoteTestNG.java:77)
]]>
            </full-stacktrace>
          </exception> <!-- java.lang.NumberFormatException -->
          <reporter-output>
          </reporter-output>
        </test-method> <!-- test1 -->
      </class> <!-- selenium_sessions.ExceptionTimeoutTest -->
      <class name="selenium_sessions.TestNG_InvocationCountTest">
        <test-method status="PASS" signature="sum()[pri:0, instance:selenium_sessions.TestNG_InvocationCountTest@7e2d773b]" name="sum" duration-ms="3" started-at="2021-04-06T00:57:37 CDT" finished-at="2021-04-06T00:57:37 CDT">
          <reporter-output>
          </reporter-output>
        </test-method> <!-- sum -->
        <test-method status="PASS" signature="sum()[pri:0, instance:selenium_sessions.TestNG_InvocationCountTest@7e2d773b]" name="sum" duration-ms="4" started-at="2021-04-06T00:57:37 CDT" finished-at="2021-04-06T00:57:37 CDT">
          <reporter-output>
          </reporter-output>
        </test-method> <!-- sum -->
        <test-method status="PASS" signature="sum()[pri:0, instance:selenium_sessions.TestNG_InvocationCountTest@7e2d773b]" name="sum" duration-ms="1" started-at="2021-04-06T00:57:37 CDT" finished-at="2021-04-06T00:57:37 CDT">
          <reporter-output>
          </reporter-output>
        </test-method> <!-- sum -->
        <test-method status="PASS" signature="sum()[pri:0, instance:selenium_sessions.TestNG_InvocationCountTest@7e2d773b]" name="sum" duration-ms="2" started-at="2021-04-06T00:57:37 CDT" finished-at="2021-04-06T00:57:37 CDT">
          <reporter-output>
          </reporter-output>
        </test-method> <!-- sum -->
        <test-method status="PASS" signature="sum()[pri:0, instance:selenium_sessions.TestNG_InvocationCountTest@7e2d773b]" name="sum" duration-ms="1" started-at="2021-04-06T00:57:37 CDT" finished-at="2021-04-06T00:57:37 CDT">
          <reporter-output>
          </reporter-output>
        </test-method> <!-- sum -->
        <test-method status="PASS" signature="sum()[pri:0, instance:selenium_sessions.TestNG_InvocationCountTest@7e2d773b]" name="sum" duration-ms="1" started-at="2021-04-06T00:57:37 CDT" finished-at="2021-04-06T00:57:37 CDT">
          <reporter-output>
          </reporter-output>
        </test-method> <!-- sum -->
        <test-method status="PASS" signature="sum()[pri:0, instance:selenium_sessions.TestNG_InvocationCountTest@7e2d773b]" name="sum" duration-ms="0" started-at="2021-04-06T00:57:37 CDT" finished-at="2021-04-06T00:57:37 CDT">
          <reporter-output>
          </reporter-output>
        </test-method> <!-- sum -->
        <test-method status="PASS" signature="sum()[pri:0, instance:selenium_sessions.TestNG_InvocationCountTest@7e2d773b]" name="sum" duration-ms="15" started-at="2021-04-06T00:57:37 CDT" finished-at="2021-04-06T00:57:37 CDT">
          <reporter-output>
          </reporter-output>
        </test-method> <!-- sum -->
        <test-method status="PASS" signature="sum()[pri:0, instance:selenium_sessions.TestNG_InvocationCountTest@7e2d773b]" name="sum" duration-ms="7" started-at="2021-04-06T00:57:37 CDT" finished-at="2021-04-06T00:57:37 CDT">
          <reporter-output>
          </reporter-output>
        </test-method> <!-- sum -->
        <test-method status="PASS" signature="sum()[pri:0, instance:selenium_sessions.TestNG_InvocationCountTest@7e2d773b]" name="sum" duration-ms="3" started-at="2021-04-06T00:57:37 CDT" finished-at="2021-04-06T00:57:37 CDT">
          <reporter-output>
          </reporter-output>
        </test-method> <!-- sum -->
      </class> <!-- selenium_sessions.TestNG_InvocationCountTest -->
      <class name="selenium_sessions.TestNG_tutorial1">
        <test-method status="PASS" signature="setUp()[pri:0, instance:selenium_sessions.TestNG_tutorial1@3cb1ffe6]" name="setUp" is-config="true" duration-ms="12" started-at="2021-04-06T00:56:12 CDT" finished-at="2021-04-06T00:56:12 CDT">
          <reporter-output>
          </reporter-output>
        </test-method> <!-- setUp -->
        <test-method status="PASS" signature="launchBrowser()[pri:0, instance:selenium_sessions.TestNG_tutorial1@3cb1ffe6]" name="launchBrowser" is-config="true" duration-ms="1" started-at="2021-04-06T00:56:12 CDT" finished-at="2021-04-06T00:56:12 CDT">
          <reporter-output>
          </reporter-output>
        </test-method> <!-- launchBrowser -->
        <test-method status="PASS" signature="loginMethod()[pri:0, instance:selenium_sessions.TestNG_tutorial1@3cb1ffe6]" name="loginMethod" is-config="true" duration-ms="0" started-at="2021-04-06T00:57:37 CDT" finished-at="2021-04-06T00:57:37 CDT">
          <reporter-output>
          </reporter-output>
        </test-method> <!-- loginMethod -->
        <test-method status="PASS" signature="enterUrl()[pri:0, instance:selenium_sessions.TestNG_tutorial1@3cb1ffe6]" name="enterUrl" is-config="true" duration-ms="1" started-at="2021-04-06T00:57:37 CDT" finished-at="2021-04-06T00:57:37 CDT">
          <reporter-output>
          </reporter-output>
        </test-method> <!-- enterUrl -->
        <test-method status="PASS" signature="googleLogoTest()[pri:0, instance:selenium_sessions.TestNG_tutorial1@3cb1ffe6]" name="googleLogoTest" duration-ms="4" started-at="2021-04-06T00:57:37 CDT" finished-at="2021-04-06T00:57:37 CDT">
          <reporter-output>
          </reporter-output>
        </test-method> <!-- googleLogoTest -->
        <test-method status="PASS" signature="logOut()[pri:0, instance:selenium_sessions.TestNG_tutorial1@3cb1ffe6]" name="logOut" is-config="true" duration-ms="1" started-at="2021-04-06T00:57:37 CDT" finished-at="2021-04-06T00:57:37 CDT">
          <reporter-output>
          </reporter-output>
        </test-method> <!-- logOut -->
        <test-method status="PASS" signature="googleTitleTest()[pri:0, instance:selenium_sessions.TestNG_tutorial1@3cb1ffe6]" name="googleTitleTest" duration-ms="2" started-at="2021-04-06T00:57:37 CDT" finished-at="2021-04-06T00:57:37 CDT">
          <reporter-output>
          </reporter-output>
        </test-method> <!-- googleTitleTest -->
        <test-method status="PASS" signature="enterUrl()[pri:0, instance:selenium_sessions.TestNG_tutorial1@3cb1ffe6]" name="enterUrl" is-config="true" duration-ms="0" started-at="2021-04-06T00:57:37 CDT" finished-at="2021-04-06T00:57:37 CDT">
          <reporter-output>
          </reporter-output>
        </test-method> <!-- enterUrl -->
        <test-method status="PASS" signature="logOut()[pri:0, instance:selenium_sessions.TestNG_tutorial1@3cb1ffe6]" name="logOut" is-config="true" duration-ms="1" started-at="2021-04-06T00:57:37 CDT" finished-at="2021-04-06T00:57:37 CDT">
          <reporter-output>
          </reporter-output>
        </test-method> <!-- logOut -->
        <test-method status="PASS" signature="enterUrl()[pri:0, instance:selenium_sessions.TestNG_tutorial1@3cb1ffe6]" name="enterUrl" is-config="true" duration-ms="0" started-at="2021-04-06T00:57:37 CDT" finished-at="2021-04-06T00:57:37 CDT">
          <reporter-output>
          </reporter-output>
        </test-method> <!-- enterUrl -->
        <test-method status="PASS" signature="searchTest()[pri:0, instance:selenium_sessions.TestNG_tutorial1@3cb1ffe6]" name="searchTest" duration-ms="1" started-at="2021-04-06T00:57:37 CDT" finished-at="2021-04-06T00:57:37 CDT">
          <reporter-output>
          </reporter-output>
        </test-method> <!-- searchTest -->
        <test-method status="PASS" signature="logOut()[pri:0, instance:selenium_sessions.TestNG_tutorial1@3cb1ffe6]" name="logOut" is-config="true" duration-ms="1" started-at="2021-04-06T00:57:37 CDT" finished-at="2021-04-06T00:57:37 CDT">
          <reporter-output>
          </reporter-output>
        </test-method> <!-- logOut -->
        <test-method status="PASS" signature="closebrowser()[pri:0, instance:selenium_sessions.TestNG_tutorial1@3cb1ffe6]" name="closebrowser" is-config="true" duration-ms="1" started-at="2021-04-06T00:57:37 CDT" finished-at="2021-04-06T00:57:37 CDT">
          <reporter-output>
          </reporter-output>
        </test-method> <!-- closebrowser -->
        <test-method status="PASS" signature="deleteAllCookies()[pri:0, instance:selenium_sessions.TestNG_tutorial1@3cb1ffe6]" name="deleteAllCookies" is-config="true" duration-ms="1" started-at="2021-04-06T00:57:37 CDT" finished-at="2021-04-06T00:57:37 CDT">
          <reporter-output>
          </reporter-output>
        </test-method> <!-- deleteAllCookies -->
        <test-method status="PASS" signature="generateTestReport()[pri:0, instance:selenium_sessions.TestNG_tutorial1@3cb1ffe6]" name="generateTestReport" is-config="true" duration-ms="1" started-at="2021-04-06T00:57:37 CDT" finished-at="2021-04-06T00:57:37 CDT">
          <reporter-output>
          </reporter-output>
        </test-method> <!-- generateTestReport -->
      </class> <!-- selenium_sessions.TestNG_tutorial1 -->
    </test> <!-- Different TestNG Feature test -->
  </suite> <!-- TestNG session test automation suite -->
</testng-results>
